xrun(64): 24.09-s005: (c) Copyright 1995-2025 Cadence Design Systems, Inc.
TOOL:	xrun(64)	24.09-s005: Started on Jul 10, 2026 at 12:20:24 EEST
xrun
	-top test_top
	-gui
	-f run.args
		-64bit
		+incdir+/home/student24/ifx_summer_school_2026
		+incdir+/home/student24/ifx_summer_school_2026/source
		+incdir+/home/student24/ifx_summer_school_2026/source/sv/rtl
		+incdir+/home/student24/ifx_summer_school_2026/source/sv/rtl/tb
		-sv
		-gui
		/home/student24/ifx_summer_school_2026/source/sv/rtl/*.sv
		/home/student24/ifx_summer_school_2026/source/sv/rtl/tb/*.sv
		-access rwc
		-linedebug
		-uvm
		-uvmlinedebug
		-coverage all
		-covoverwrite
		-timescale 1ns/1ps
		-errormax 2
		-ALLOWREDEFINITION
xrun: *W,BADPRF: The -linedebug option may have an adverse performance impact.
Compiling UVM packages (uvm_pkg.sv cdns_uvm_pkg.sv) using uvmhome location /opt/cadence/installs/XCELIUM2409/tools/methodology/UVM/CDNS-1.1d
file: /home/student24/ifx_summer_school_2026/source/sv/rtl/counter_core.sv
	module worklib.counter_core:sv
		errors: 0, warnings: 0
file: /home/student24/ifx_summer_school_2026/source/sv/rtl/counter_timer.sv
	module worklib.counter_timer:sv
		errors: 0, warnings: 0
file: /home/student24/ifx_summer_school_2026/source/sv/rtl/mux15.sv
	module worklib.mux15:sv
		errors: 0, warnings: 0
file: /home/student24/ifx_summer_school_2026/source/sv/rtl/prescaler.sv
	module worklib.prescaler:sv
		errors: 0, warnings: 0
file: /home/student24/ifx_summer_school_2026/source/sv/rtl/pwm.sv
	module worklib.pwm:sv
		errors: 0, warnings: 0
file: /home/student24/ifx_summer_school_2026/source/sv/rtl/register10.sv
	module worklib.register10:sv
		errors: 0, warnings: 0
file: /home/student24/ifx_summer_school_2026/source/sv/rtl/register_block.sv
	module worklib.register_block:sv
		errors: 0, warnings: 0
file: /home/student24/ifx_summer_school_2026/source/sv/rtl/synchroniser.sv
	module worklib.sync:sv
		errors: 0, warnings: 0
file: /home/student24/ifx_summer_school_2026/source/sv/rtl/top.sv
	module worklib.top:sv
		errors: 0, warnings: 0
file: /home/student24/ifx_summer_school_2026/source/sv/rtl/tb/test_pwm.sv
	module worklib.test_pwm:sv
		errors: 0, warnings: 0
file: /home/student24/ifx_summer_school_2026/source/sv/rtl/tb/test_reg_block.sv
	module worklib.test_reg_block:sv
		errors: 0, warnings: 0
file: /home/student24/ifx_summer_school_2026/source/sv/rtl/tb/test_top.sv
	module worklib.test_top:sv
		errors: 0, warnings: 0
file: /home/student24/ifx_summer_school_2026/source/sv/rtl/tb/test_top_pwm.sv
	module worklib.test_top_pwm:sv
		errors: 0, warnings: 0
xmvlog: *W,SPDUSD: Include directory /home/student24/ifx_summer_school_2026 given but not used.
xmvlog: *W,SPDUSD: Include directory /home/student24/ifx_summer_school_2026/source given but not used.
xmvlog: *W,SPDUSD: Include directory /home/student24/ifx_summer_school_2026/source/sv/rtl given but not used.
xmvlog: *W,SPDUSD: Include directory /home/student24/ifx_summer_school_2026/source/sv/rtl/tb given but not used.
	Total errors/warnings found outside modules and primitives:
		errors: 0, warnings: 4
	Elaborating the design hierarchy:
		Caching library 'worklib' ....... Done
register_block register_block(
                            |
xmelab: *W,CUVWSI (/home/student24/ifx_summer_school_2026/source/sv/rtl/top.sv,28|28): 1 input port was not connected:
xmelab: (/home/student24/ifx_summer_school_2026/source/sv/rtl/register_block.sv,4): out_o

	Top level design units:
		test_top

	Extracting FSMs for coverage:
		worklib.register_block
		worklib.prescaler
		worklib.register10
		worklib.pwm
		worklib.counter_timer
		worklib.counter_core
		worklib.mux15
		worklib.sync
		worklib.top
		worklib.test_top
	Total FSMs extracted = 0
	Building instance overlay tables: .................... Done
	Enabling instrumentation for coverage types: block expression FSM toggle functional
xmelab: *W,COVDCL: By default expression coverage is scored only for Verilog logical operators (|| and &&) and VHDL logical operators (OR, AND, NOR, and NAND), and is scored only in condition expressions. To score coverage for other operators and for expressions in other statements, use the "set_expr_coverable_operators" and "set_expr_coverable_statements" coverage configuration file commands with suitable options at elaboration.
	Generating native compiled code:
		worklib.sync:sv <0x41269aa1>
			streams:   6, words:  2755
		worklib.mux15:sv <0x2dff5fac>
			streams:   1, words:  8357
		worklib.counter_timer:sv <0x765c5c75>
			streams:  17, words: 16472
		worklib.register10:sv <0x2f54b2f3>
			streams:   3, words:  2251
		worklib.prescaler:sv <0x59035dca>
			streams:   7, words:  3761
		worklib.pwm:sv <0x64c22c3c>
			streams:   8, words:  5763
		worklib.counter_core:sv <0x7f61f7cf>
			streams:  18, words: 14104
		worklib.register_block:sv <0x30a49c53>
			streams:  24, words: 17588
		worklib.top:sv <0x24266d7e>
			streams:  31, words: 14938
		worklib.test_top:sv <0x28d8a66d>
			streams:  11, words: 173801
	Building instance specific data structures.
	Loading native compiled code:     .................... Done
	Design hierarchy summary:
		                 Instances  Unique
		Modules:                10      10
		Registers:              76      76
		Scalar wires:           46       -
		Vectored wires:         55       -
		Always blocks:          16      16
		Initial blocks:          2       2
		Cont. assignments:      21      21
		Pseudo assignments:     51       -
		Simulation timescale:  1ps
	Writing initial simulation snapshot: worklib.test_top:sv
xmsim: *W,NOMTDGUI: Multi-Threaded Dumping is disabled for interactive debug mode.

-------------------------------------
Relinquished control to SimVision...
xcelium> 
xcelium> source /opt/cadence/installs/XCELIUM2409/tools/xcelium/files/xmsimrc
xcelium> source /opt/cadence/installs/XCELIUM2409/tools/methodology/UVM/CDNS-1.1d/additions/sv/files/tcl/uvm_sim.tcl
xcelium> database -open waves -into waves.shm -default
Created default SHM database waves
xcelium> probe -create -shm test_top.clk test_top.rst test_top.in test_top.dut.counter_core.counter_timer.rise_event test_top.dut.counter_core.counter_timer.fall_event test_top.dut.register_block.COUNTER_VALUE test_top.out_global test_top.dut.register_block.CAPTURE_VALUE test_top.dut.register_block.CTRL0 test_top.dut.register_block.PWM_MODE test_top.dut.register_block.CNT_MODE0
Created probe 1
xcelium> run
Simulation stopped via $stop(1) at time 801452 NS + 0
xcelium> probe -create -shm test_top.dut.register_block.COMMAND
Created probe 2
xcelium> reset
xmsim: *W,C58RST: Reset command executed. Coverage is enabled for the subsequent simulation run.  The coverage test name needs to be changed to prevent data overwrite, and any coverage control commands previously used must be reissued.
Loaded snapshot worklib.test_top:sv
xcelium> run
Simulation stopped via $stop(1) at time 801452 NS + 0
xcelium> ^C
xcelium> exit
...Regained control from SimVision
-------------------------------------

coverage setup:
  workdir  :  ./cov_work
  dutinst  :  test_top(test_top)
  scope    :  scope
  testname :  test

coverage files:
  model(design data) :  ./cov_work/scope/icc_7d1e2936_00000000.ucm
  data               :  ./cov_work/scope/test/icc_7d1e2936_00000000.ucd
TOOL:	xrun(64)	24.09-s005: Exiting on Jul 10, 2026 at 12:34:02 EEST  (total: 00:13:38)
